<?xml version="1.0" encoding="utf-8"?><testsuites name="pytest tests"><testsuite name="pytest" errors="0" failures="0" skipped="0" tests="12" time="17.295" timestamp="2026-05-05T07:47:40.504978+00:00" hostname="agent-env-06cbae2e-4d71-4b96-a785-6628a4f5d693"><testcase classname="backend.tests.backend_test.TestHealth" name="test_root" time="0.211" /><testcase classname="backend.tests.backend_test.TestOldEndpointsRemoved" name="test_bag_types_returns_404" time="0.044" /><testcase classname="backend.tests.backend_test.TestRegisters" name="test_list_seeds_defaults" time="0.046" /><testcase classname="backend.tests.backend_test.TestRegisters" name="test_create_update_delete" time="0.274" /><testcase classname="backend.tests.backend_test.TestRegisters" name="test_update_nonexistent_returns_404" time="0.044" /><testcase classname="backend.tests.backend_test.TestRegisters" name="test_delete_nonexistent_returns_404" time="0.042" /><testcase classname="backend.tests.backend_test.TestCountPhoto" name="test_count_photo_with_real_image" time="16.044" /><testcase classname="backend.tests.backend_test.TestCountPhoto" name="test_count_photo_validation_missing_image" time="0.044" /><testcase classname="backend.tests.backend_test.TestDailyCounts" name="test_create_list_get_delete" time="0.361" /><testcase classname="backend.tests.backend_test.TestDailyCounts" name="test_create_with_invalid_register_returns_404" time="0.043" /><testcase classname="backend.tests.backend_test.TestDailyCounts" name="test_get_nonexistent" time="0.043" /><testcase classname="backend.tests.backend_test.TestDailyCounts" name="test_delete_nonexistent" time="0.042" /></testsuite></testsuites>