<?xml version="1.0" encoding="utf-8"?><testsuites name="pytest tests"><testsuite name="pytest" errors="0" failures="0" skipped="0" tests="11" time="45.000" timestamp="2026-05-05T07:34:29.961351+00:00" hostname="agent-env-06cbae2e-4d71-4b96-a785-6628a4f5d693"><testcase classname="backend.tests.backend_test.TestHealth" name="test_root" time="1.600" /><testcase classname="backend.tests.backend_test.TestBagTypes" name="test_list_seeds_defaults" time="0.047" /><testcase classname="backend.tests.backend_test.TestBagTypes" name="test_create_update_delete" time="0.276" /><testcase classname="backend.tests.backend_test.TestBagTypes" name="test_update_nonexistent_returns_404" time="0.046" /><testcase classname="backend.tests.backend_test.TestBagTypes" name="test_delete_nonexistent_returns_404" time="0.045" /><testcase classname="backend.tests.backend_test.TestCountPhoto" name="test_count_photo_with_real_image" time="42.416" /><testcase classname="backend.tests.backend_test.TestCountPhoto" name="test_count_photo_validation_missing_image" time="0.048" /><testcase classname="backend.tests.backend_test.TestCountPhoto" name="test_count_photo_validation_missing_types" time="0.043" /><testcase classname="backend.tests.backend_test.TestDailyCounts" name="test_create_list_get_delete" time="0.288" /><testcase classname="backend.tests.backend_test.TestDailyCounts" name="test_get_nonexistent" time="0.046" /><testcase classname="backend.tests.backend_test.TestDailyCounts" name="test_delete_nonexistent" time="0.047" /></testsuite></testsuites>